<enunciate>
  <application root="https://www.thebestgenealogywebsite.com/genealogy"/>
  <namespaces>
    <namespace id="http://enunciate.webcohesion.com/samples/genealogy/cite" uri="cite"/>
    <namespace id="http://enunciate.webcohesion.com/samples/genealogy/data" uri="data"/>
    <namespace id="http://enunciate.webcohesion.com/samples/full" uri="full"/>
  </namespaces>
  <modules>
    <idl>
      <schema namespace="http://enunciate.webcohesion.com/samples/genealogy/cite" filename="cite.xsd"/>
      <schema namespace="http://enunciate.webcohesion.com/samples/genealogy/data" filename="data.xsd"/>
      <wsdl namespace="http://enunciate.webcohesion.com/samples/full" filename="full.wsdl"/>
      <wsdl namespace="http://services.genealogy.samples.idl.enunciate.webcohesion.com/" filename="relationship.wsdl"/>
    </idl>
  </modules>
</enunciate>